--- Log opened Thu May 09 14:14:05 2013
14:14 -!- Leftb2 [~yorick@s2.nextpulse.nl] has joined #gitlabhq
14:14 -!- Irssi: #gitlabhq: Total of 35 nicks [1 ops, 0 halfops, 0 voices, 34 normal]
14:14 -!- Irssi: Join to #gitlabhq was synced in 2 secs
14:14 -!- romain_ [~romain@trapped-in-a.media-lab.fr] has joined #gitlabhq
14:16 -!- mkrause [~mkrause@77.60.209.193] has joined #gitlabhq
14:16 -!- _romain [~romain@trapped-in-a.media-lab.fr] has quit [Ping timeout: 276 seconds]
14:17 -!- Irssi: #gitlabhq: Total of 36 nicks [1 ops, 0 halfops, 0 voices, 35 normal]
14:32 -!- Jackneill [~Jackneill@unaffiliated/jackneill] has quit [Remote host closed the connection]
14:36 -!- cheese1756 [~cheese175@unaffiliated/cheese1756] has quit [Ping timeout: 248 seconds]
14:41 -!- cheese1756 [~cheese175@unaffiliated/cheese1756] has joined #gitlabhq
14:46 -!- patcon [~patcon@207.245.236.147] has joined #gitlabhq
15:02 -!- patcon [~patcon@207.245.236.147] has quit [Ping timeout: 245 seconds]
15:05 -!- cheese1756 [~cheese175@unaffiliated/cheese1756] has quit [Ping timeout: 244 seconds]
15:08 -!- nOStahl [~nOStahl@adsl-71-150-246-65.dsl.mdsnwi.sbcglobal.net] has joined #gitlabhq
15:12 -!- cheese1756 [~cheese175@unaffiliated/cheese1756] has joined #gitlabhq
16:12 -!- patcon [~patcon@66.209.62.110] has joined #gitlabhq
16:18 -!- mkrause [~mkrause@77.60.209.193] has quit [Quit: mkrause]
16:19 -!- patcon [~patcon@66.209.62.110] has quit [Ping timeout: 276 seconds]
16:28 -!- patcon [~patcon@66.209.62.110] has joined #gitlabhq
17:05 -!- mkrause [~mkrause@77.60.209.193] has joined #gitlabhq
17:42 -!- patcon [~patcon@66.209.62.110] has quit [Remote host closed the connection]
17:52 -!- mkrause [~mkrause@77.60.209.193] has quit [Quit: mkrause]
17:56 -!- DEac- [~deac@1360029782.d-dsl.at] has quit [Read error: Connection reset by peer]
18:01 -!- DEac- [~deac@1360029782.d-dsl.at] has joined #gitlabhq
18:03 -!- [exa] [~exa@smtp-secure.tlapnet.cz] has quit [Ping timeout: 252 seconds]
18:13 -!- patcon [~patcon@66.209.62.110] has joined #gitlabhq
18:13 -!- mkrause [~mkrause@77.60.209.193] has joined #gitlabhq
18:21 -!- patcon [~patcon@66.209.62.110] has quit [Ping timeout: 264 seconds]
18:22 -!- mkrause [~mkrause@77.60.209.193] has quit [Quit: mkrause]
18:25 -!- bguery [~bguery@ban83-2-78-239-124-162.fbx.proxad.net] has joined #gitlabhq
18:25 < bguery> hi
18:47 -!- patcon [~patcon@66.209.62.110] has joined #gitlabhq
18:57 -!- patcon [~patcon@66.209.62.110] has quit [Ping timeout: 264 seconds]
18:57 -!- nOStahl [~nOStahl@adsl-71-150-246-65.dsl.mdsnwi.sbcglobal.net] has quit [Quit: Going To Sleep]
19:05 < knix> After upgrading to 5.1 new keys are not being added to gitlab-shell
19:23 -!- patcon [~patcon@66.209.62.110] has joined #gitlabhq
19:32 -!- patcon [~patcon@66.209.62.110] has quit [Ping timeout: 264 seconds]
19:51 -!- mkrause [~mkrause@77.60.209.193] has joined #gitlabhq
19:59 -!- patcon [~patcon@66.209.62.110] has joined #gitlabhq
20:09 -!- patcon [~patcon@66.209.62.110] has quit [Ping timeout: 256 seconds]
20:25 -!- nOStahl [~nOStahl@h69-129-126-231.mdsnwi.broadband.dynamic.tds.net] has joined #gitlabhq
20:35 -!- patcon [~patcon@66.209.62.110] has joined #gitlabhq
20:39 -!- patcon [~patcon@66.209.62.110] has quit [Remote host closed the connection]
20:39 -!- patcon [~patcon@66.209.62.110] has joined #gitlabhq
21:07 -!- klaernie [~kandre@mainframe.ak-online.be] has quit [Quit: leaving]
21:07 -!- klaernie [~kandre@mainframe.ak-online.be] has joined #gitlabhq
21:09 -!- klaernie [~kandre@mainframe.ak-online.be] has quit [Client Quit]
21:10 -!- klaernie [~kandre@mainframe.ak-online.be] has joined #gitlabhq
21:13 -!- klaernie [~kandre@mainframe.ak-online.be] has quit [Client Quit]
21:14 -!- klaernie [~kandre@mainframe.ak-online.be] has joined #gitlabhq
21:28 < knix> nevermind, sidekick wasn't running ;)
21:32 -!- melder [~c_melder@i-global252.qualcomm.com] has joined #gitlabhq
21:43 -!- nOStahl [~nOStahl@h69-129-126-231.mdsnwi.broadband.dynamic.tds.net] has quit [Quit: Going To Sleep]
21:46 -!- romain_ [~romain@trapped-in-a.media-lab.fr] has quit [Quit: Leaving]
22:33 -!- mkrause [~mkrause@77.60.209.193] has quit [Quit: mkrause]
23:22 -!- patcon [~patcon@66.209.62.110] has quit [Remote host closed the connection]
23:30 -!- patcon [~patcon@66.209.62.110] has joined #gitlabhq
--- Day changed Fri May 10 2013
00:17 -!- patcon [~patcon@66.209.62.110] has quit [Remote host closed the connection]
01:36 -!- nOStahl [~nOStahl@108-198-116-80.lightspeed.mdsnwi.sbcglobal.net] has joined #gitlabhq
02:37 -!- OliStgt [~olistgt@p4FE0E329.dip0.t-ipconnect.de] has joined #gitlabhq
02:41 -!- OliStgt [~olistgt@p4FE0E329.dip0.t-ipconnect.de] has quit [Quit: By!]
04:05 -!- nOStahl [~nOStahl@108-198-116-80.lightspeed.mdsnwi.sbcglobal.net] has quit [Quit: Going To Sleep]
04:13 -!- rchavik [~rchavik@unaffiliated/rchavik] has joined #gitlabhq
08:40 -!- mbaechtold [~mbaechtol@62-2-89-56.static.cablecom.ch] has joined #gitlabhq
10:46 -!- Netsplit *.net <-> *.split quits: cheese1756
10:46 -!- cheese1756_ [~cheese175@192.40.56.243] has joined #gitlabhq
10:59 -!- Netsplit *.net <-> *.split quits: mfridh
11:01 -!- mfridh_ [~mfridh@c83-253-227-82.bredband.comhem.se] has joined #gitlabhq
11:01 -!- Netsplit over, joins: mfridh
11:01 -!- mfridh [~mfridh@pdpc/supporter/professional/mfridh] has quit [Max SendQ exceeded]
11:01 -!- mfridh_ is now known as mfridh
11:04 -!- bguery [~bguery@ban83-2-78-239-124-162.fbx.proxad.net] has left #gitlabhq ["Leaving"]
11:12 -!- OliStgt [~olistgt@p4FE0FA78.dip0.t-ipconnect.de] has joined #gitlabhq
11:16 -!- narya [narya@skrivmaskin.dreamhack.se] has joined #gitlabhq
11:18 -!- OliStgt [~olistgt@p4FE0FA78.dip0.t-ipconnect.de] has left #gitlabhq []
11:19 -!- LePhilousophe_ [valemboi20@amsn/developer/lephilousophe] has joined #gitlabhq
11:21 -!- LePhilousophe [valemboi20@amsn/developer/lephilousophe] has quit [Ping timeout: 264 seconds]
11:21 -!- narya_ [narya@skrivmaskin.dreamhack.se] has quit [Ping timeout: 264 seconds]
12:31 -!- mkrause [~mkrause@77.60.209.193] has joined #gitlabhq
13:07 -!- mkrause [~mkrause@77.60.209.193] has quit [Quit: mkrause]
15:02 -!- _romain [~romain@trapped-in-a.media-lab.fr] has joined #gitlabhq
15:26 -!- nOStahl [~nOStahl@h69-129-126-231.mdsnwi.broadband.dynamic.tds.net] has joined #gitlabhq
15:47 -!- patcon [~patcon@66.209.62.110] has joined #gitlabhq
15:53 -!- chronos [~quassel@unaffiliated/chronos] has joined #gitlabhq
16:00 -!- nOStahl [~nOStahl@h69-129-126-231.mdsnwi.broadband.dynamic.tds.net] has quit [Ping timeout: 255 seconds]
16:03 < chronos> I have a server with gitolite installed and working also. Wanna try gitlab, but if it now works, there is way to uninstall gitlab and keep gitolite?
16:05 -!- nOStahl [~nOStahl@71.150.246.65] has joined #gitlabhq
17:05 < universa1> chronos: just back up the gitolites user directory
17:05 < universa1> chronos: and restore that if you're unhappy
17:17 -!- rchavik [~rchavik@unaffiliated/rchavik] has quit [Quit: -]
17:25 -!- mbaechtold [~mbaechtol@62-2-89-56.static.cablecom.ch] has quit [Quit: Linkinus - http://linkinus.com]
19:10 -!- patcon [~patcon@66.209.62.110] has quit [Remote host closed the connection]
19:10 -!- patcon [~patcon@66.209.62.110] has joined #gitlabhq
19:12 -!- patcon_ [~patcon@66.209.62.110] has joined #gitlabhq
19:12 -!- patcon [~patcon@66.209.62.110] has quit [Read error: Connection reset by peer]
19:59 < chronos> thx universa1!
20:52 < melder> does anyone else get an error when running annotate?
20:55 < notwen> what error?
20:56 < melder>  /local/gitme/gitlab/app/controllers/omniauth_callbacks_controller.rb:2:in `<class:OmniauthCallbacksController>': undefined method `config' for Gitlab:Module (NoMethodError)
20:56 < melder> trying this on 5-1-stable
21:04 < notwen> wonder if that's because they've started to use gitlab_config
21:35 -!- nOStahl [~nOStahl@71.150.246.65] has quit [Quit: Going To Sleep]
21:43 -!- nOStahl [~nOStahl@108-198-116-80.lightspeed.mdsnwi.sbcglobal.net] has joined #gitlabhq
22:09 -!- themgt [~themgt@24-177-232-33.dhcp.gnvl.sc.charter.com] has joined #gitlabhq
22:24 -!- nOStahl [~nOStahl@108-198-116-80.lightspeed.mdsnwi.sbcglobal.net] has quit [Quit: Going To Sleep]
23:14 -!- patcon_ [~patcon@66.209.62.110] has quit [Remote host closed the connection]
23:15 -!- patcon [~patcon@66.209.62.110] has joined #gitlabhq
23:18 -!- _romain [~romain@trapped-in-a.media-lab.fr] has quit [Quit: Leaving]
--- Day changed Sat May 11 2013
00:04 -!- patcon [~patcon@66.209.62.110] has quit [Remote host closed the connection]
00:09 -!- patcon [~patcon@66.209.62.110] has joined #gitlabhq
00:36 -!- patcon [~patcon@66.209.62.110] has quit [Remote host closed the connection]
01:07 -!- stephenl [~stephen@ec2-54-235-223-231.compute-1.amazonaws.com] has quit [Ping timeout: 256 seconds]
02:48 -!- themgt [~themgt@24-177-232-33.dhcp.gnvl.sc.charter.com] has quit [Quit: themgt]
02:54 -!- themgt [~themgt@24-177-232-33.dhcp.gnvl.sc.charter.com] has joined #gitlabhq
03:08 -!- doc_what [docwhat@2600:3c03::f03c:91ff:fedf:7065] has joined #gitlabhq
03:08 -!- universa1 [~universa1@2604:180::ca9b:b401] has quit [Ping timeout: 245 seconds]
03:08 -!- docwhat [docwhat@2600:3c03::f03c:91ff:fedf:7065] has quit [Ping timeout: 245 seconds]
03:08 -!- Demonen [~demonen@webkonsept.com] has quit [Ping timeout: 245 seconds]
03:08 -!- universa1 [~universa1@2604:180::ca9b:b401] has joined #gitlabhq
03:09 -!- Demonen [~demonen@webkonsept.com] has joined #gitlabhq
03:26 -!- universaL [~universa1@2604:180::ca9b:b401] has joined #gitlabhq
03:27 -!- universa1 [~universa1@2604:180::ca9b:b401] has quit [Ping timeout: 245 seconds]
03:27 -!- universaL is now known as universa1
03:27 -!- Demonen [~demonen@webkonsept.com] has quit [Ping timeout: 245 seconds]
03:27 -!- Demonen [~demonen@webkonsept.com] has joined #gitlabhq
03:28 -!- nOStahl [~nOStahl@99-72-244-228.lightspeed.mdsnwi.sbcglobal.net] has joined #gitlabhq
03:34 -!- mfridh_ [~mfridh@pdpc/supporter/professional/mfridh] has joined #gitlabhq
--- Log closed Sat May 11 03:40:14 2013
--- Log opened Sat May 11 03:45:42 2013
03:45 -!- Leftb2 [~yorick@s2.nextpulse.nl] has joined #gitlabhq
03:45 -!- Irssi: #gitlabhq: Total of 34 nicks [1 ops, 0 halfops, 0 voices, 33 normal]
03:45 -!- Irssi: Join to #gitlabhq was synced in 10 secs
03:47 -!- nOStahl_ [~nOStahl@99-72-244-228.lightspeed.mdsnwi.sbcglobal.net] has joined #gitlabhq
03:56 -!- Netsplit *.net <-> *.split quits: nOStahl
03:56 -!- nOStahl_ is now known as nOStahl
04:02 -!- narya_ [narya@skrivmaskin.dreamhack.se] has joined #gitlabhq
04:03 -!- Netsplit *.net <-> *.split quits: cheese1756_, riddle
04:05 -!- cheese1756 [~cheese175@192.40.56.243] has joined #gitlabhq
04:06 -!- cheese1756 [~cheese175@192.40.56.243] has quit [Max SendQ exceeded]
04:07 -!- jrgifford [jrgifford@ubuntu/member/jrgifford] has quit [Ping timeout: 252 seconds]
04:07 -!- jekle [~quassel@178.79.133.76] has quit [Ping timeout: 252 seconds]
04:07 -!- narya [narya@skrivmaskin.dreamhack.se] has quit [Ping timeout: 252 seconds]
04:08 -!- cheese1756 [~cheese175@unaffiliated/cheese1756] has joined #gitlabhq
04:08 -!- SirFunk_ [SirFunk@2600:3c03::f03c:91ff:fe93:11b3] has joined #gitlabhq
04:09 -!- Zooklubban [~ZNC@ks363848.kimsufi.com] has joined #gitlabhq
04:09 -!- Zooklubba [~ZNC@ks363848.kimsufi.com] has quit [Ping timeout: 245 seconds]
04:09 -!- docwhat [docwhat@2600:3c03::f03c:91ff:fedf:7065] has quit [Ping timeout: 245 seconds]
04:09 -!- SirFunk [SirFunk@2600:3c03::f03c:91ff:fe93:11b3] has quit [Ping timeout: 245 seconds]
04:09 -!- Demonen [~demonen@webkonsept.com] has quit [Ping timeout: 245 seconds]
04:09 -!- Zooklubban is now known as Zooklubba
04:09 -!- Demonen [~demonen@webkonsept.com] has joined #gitlabhq
04:11 -!- Netsplit *.net <-> *.split quits: themgt, universa1
04:13 -!- docwhat [docwhat@2600:3c03::f03c:91ff:fedf:7065] has joined #gitlabhq
04:15 -!- Netsplit over, joins: universa1, themgt
04:19 -!- Netsplit *.net <-> *.split quits: SirFunk_
04:21 -!- SirFunk [SirFunk@2600:3c03::f03c:91ff:fe93:11b3] has joined #gitlabhq
04:21 -!- Netsplit *.net <-> *.split quits: SirFunk
04:21 -!- Netsplit over, joins: SirFunk
04:21 -!- riddle [riddle@us.yunix.net] has joined #gitlabhq
04:22 -!- jrgifford [jrgifford@gateway/shell/trekweb.org/x-kfcwxllpjompbgsi] has joined #gitlabhq
04:22 -!- jrgifford [jrgifford@gateway/shell/trekweb.org/x-kfcwxllpjompbgsi] has quit [Changing host]
04:22 -!- jrgifford [jrgifford@ubuntu/member/jrgifford] has joined #gitlabhq
04:26 -!- Netsplit *.net <-> *.split quits: mfridh
04:27 -!- themgt [~themgt@24-177-232-33.dhcp.gnvl.sc.charter.com] has quit [Quit: themgt]
04:30 -!- Netsplit over, joins: mfridh
04:32 -!- narya [narya@skrivmaskin.dreamhack.se] has joined #gitlabhq
04:32 -!- narya_ [narya@skrivmaskin.dreamhack.se] has quit [Ping timeout: 276 seconds]
04:37 -!- Zooklubban [~ZNC@ks363848.kimsufi.com] has joined #gitlabhq
04:43 -!- three18t- [~three18ti@chiliproject.handynetworks.com] has joined #gitlabhq
04:44 -!- Zooklubba [~ZNC@ks363848.kimsufi.com] has quit [Ping timeout: 268 seconds]
04:44 -!- Zooklubban is now known as Zooklubba
04:44 -!- three18ti [~three18ti@chiliproject.handynetworks.com] has quit [Ping timeout: 268 seconds]
04:44 -!- mfridh [~mfridh@pdpc/supporter/professional/mfridh] has quit [Ping timeout: 268 seconds]
04:44 -!- three18t- is now known as three18ti
04:48 -!- mfridh [~mfridh@c83-253-227-82.bredband.comhem.se] has joined #gitlabhq
04:53 -!- Netsplit *.net <-> *.split quits: knix, three18ti, chronos, klaernie, joschi, eins78, koud, Demonen, dekz__, melder,  (+18 more, use /NETSPLIT to show all of them)
04:53 -!- notwen_ [james@unaffiliated/sindacious] has quit [Read error: Operation timed out]
04:54 -!- nOStahl [~nOStahl@99-72-244-228.lightspeed.mdsnwi.sbcglobal.net] has quit [Ping timeout: 256 seconds]
04:56 -!- DEac-_ [~deac@1360029782.d-dsl.at] has quit [Ping timeout: 256 seconds]
05:00 -!- DEac- [~deac@1360029782.d-dsl.at] has joined #gitlabhq
05:00 -!- nOStahl [~nOStahl@99-72-244-228.lightspeed.mdsnwi.sbcglobal.net] has joined #gitlabhq
05:00 -!- notwen [james@unaffiliated/sindacious] has joined #gitlabhq
05:00 -!- Netsplit over, joins: chronos, klaernie, DanKnox, Olipro, mfridh, three18ti, Zooklubba, narya, jrgifford, riddle (+18 more)
05:09 -!- jrgifford_ [jrgifford@ubuntu/member/jrgifford] has joined #gitlabhq
05:11 -!- Netsplit *.net <-> *.split quits: jrgifford
06:00 -!- nOStahl [~nOStahl@99-72-244-228.lightspeed.mdsnwi.sbcglobal.net] has quit [Quit: Going To Sleep]
06:26 -!- jekle [~quassel@178.79.133.76] has joined #gitlabhq
15:29 -!- jrgifford_ is now known as jrgifford
15:50 -!- rchavik [~rchavik@unaffiliated/rchavik] has joined #gitlabhq
16:48 -!- cheese1756 [~cheese175@unaffiliated/cheese1756] has quit [Ping timeout: 264 seconds]
16:50 -!- narya_ [narya@skrivmaskin.dreamhack.se] has joined #gitlabhq
16:51 -!- cheese1756 [~cheese175@unaffiliated/cheese1756] has joined #gitlabhq
16:51 -!- narya [narya@skrivmaskin.dreamhack.se] has quit [Ping timeout: 264 seconds]
17:24 -!- doc_what [docwhat@2600:3c03::f03c:91ff:fedf:7065] has joined #gitlabhq
17:26 -!- patcon [~patcon@207.245.236.155] has joined #gitlabhq
17:27 -!- docwhat [docwhat@2600:3c03::f03c:91ff:fedf:7065] has quit [Ping timeout: 245 seconds]
17:27 -!- Demonen [~demonen@webkonsept.com] has quit [Ping timeout: 245 seconds]
17:28 -!- Demonen [~demonen@webkonsept.com] has joined #gitlabhq
17:30 -!- Netsplit *.net <-> *.split quits: jekle
17:37 -!- Demonen [~demonen@webkonsept.com] has quit [Ping timeout: 245 seconds]
17:41 -!- Demonen [~demonen@webkonsept.com] has joined #gitlabhq
18:00 -!- Demonen [~demonen@webkonsept.com] has quit [Ping timeout: 245 seconds]
18:03 -!- Demonen [~demonen@webkonsept.com] has joined #gitlabhq
18:07 -!- rchavik [~rchavik@unaffiliated/rchavik] has quit [Quit: -]
18:14 -!- Demonen [~demonen@webkonsept.com] has quit [Ping timeout: 245 seconds]
18:15 -!- Demonen [~demonen@webkonsept.com] has joined #gitlabhq
18:18 -!- SirFunk [SirFunk@2600:3c03::f03c:91ff:fe93:11b3] has quit [Ping timeout: 245 seconds]
18:19 -!- jrgifford [jrgifford@ubuntu/member/jrgifford] has quit [Read error: Connection reset by peer]
18:25 -!- doc_what [docwhat@2600:3c03::f03c:91ff:fedf:7065] has quit [Ping timeout: 245 seconds]
18:27 -!- SirFunk [SirFunk@2600:3c03::f03c:91ff:fe93:11b3] has joined #gitlabhq
18:28 -!- Netsplit *.net <-> *.split quits: universa1
18:29 -!- docwhat [docwhat@2600:3c03::f03c:91ff:fedf:7065] has joined #gitlabhq
18:29 -!- Netsplit over, joins: universa1
18:38 -!- cheese1756 [~cheese175@unaffiliated/cheese1756] has quit [Quit: ZNC - http://znc.in]
18:39 -!- LePhilousophe [valemboi20@amsn/developer/lephilousophe] has joined #gitlabhq
18:40 -!- LePhilousophe_ [valemboi20@amsn/developer/lephilousophe] has quit [Ping timeout: 256 seconds]
18:42 -!- DEac- [~deac@1360029782.d-dsl.at] has quit [Ping timeout: 256 seconds]
18:43 -!- DEac- [~deac@1360029782.d-dsl.at] has joined #gitlabhq
18:44 -!- nOStahl [~nOStahl@108-198-116-80.lightspeed.mdsnwi.sbcglobal.net] has joined #gitlabhq
18:53 -!- cheese1756 [~cheese175@unaffiliated/cheese1756] has joined #gitlabhq
18:53 -!- jrgifford [jrgifford@ubuntu/member/jrgifford] has joined #gitlabhq
18:53 -!- zmo [~guyzmo@vilya.m0g.net] has quit [Ping timeout: 256 seconds]
18:57 -!- zmo [~guyzmo@vilya.m0g.net] has joined #gitlabhq
19:29 -!- jekle [~quassel@178.79.133.76] has joined #gitlabhq
19:41 -!- nOStahl [~nOStahl@108-198-116-80.lightspeed.mdsnwi.sbcglobal.net] has quit [Quit: Going To Sleep]
19:51 -!- Netsplit *.net <-> *.split quits: mfridh
19:53 -!- jrgifford [jrgifford@ubuntu/member/jrgifford] has quit [Read error: Operation timed out]
19:57 -!- Netsplit over, joins: mfridh
19:57 -!- jrgifford [jrgifford@ubuntu/member/jrgifford] has joined #gitlabhq
20:02 -!- jrgifford [jrgifford@ubuntu/member/jrgifford] has quit [Ping timeout: 245 seconds]
20:09 -!- knix_ [~jcm@packetpan.org] has joined #gitlabhq
20:13 -!- themgt [~themgt@24-177-232-33.dhcp.gnvl.sc.charter.com] has joined #gitlabhq
20:14 -!- Netsplit *.net <-> *.split quits: knix, GameGamer43, mfridh, chronos, poohtarou, melder, klaernie, three18ti, @ChanServ, jekle,  (+1 more, use /NETSPLIT to show all of them)
20:15 -!- Netsplit over, joins: eins78
20:21 -!- melder [~c_melder@i-global252.qualcomm.com] has joined #gitlabhq
20:31 -!- chronos [~quassel@unaffiliated/chronos] has joined #gitlabhq
20:31 -!- three18ti [~three18ti@chiliproject.handynetworks.com] has joined #gitlabhq
20:31 -!- ChanServ [ChanServ@services.] has joined #gitlabhq
20:31 -!- ServerMode/#gitlabhq [+o ChanServ] by hitchcock.freenode.net
20:32 -!- jekle [~quassel@178.79.133.76] has joined #gitlabhq
20:36 -!- klaernie [~kandre@mainframe.ak-online.be] has joined #gitlabhq
20:36 -!- GameGamer43 [uid5533@gateway/web/irccloud.com/x-guzdubutwsrflyzi] has joined #gitlabhq
20:36 -!- poohtarou [~poohtarou@www1342ue.sakura.ne.jp] has joined #gitlabhq
20:36 -!- mfridh [~mfridh@c83-253-227-82.bredband.comhem.se] has joined #gitlabhq
20:41 -!- GameGamer43 [uid5533@gateway/web/irccloud.com/x-guzdubutwsrflyzi] has quit [Read error: Operation timed out]
20:41 -!- patcon [~patcon@207.245.236.155] has quit [Remote host closed the connection]
20:44 -!- Netsplit *.net <-> *.split quits: three18ti, chronos, @ChanServ
20:49 -!- Netsplit over, joins: chronos, three18ti, @ChanServ
21:03 -!- patcon [~patcon@207.245.236.155] has joined #gitlabhq
21:11 -!- three18t- [~three18ti@chiliproject.handynetworks.com] has joined #gitlabhq
21:14 -!- Netsplit *.net <-> *.split quits: three18ti, @ChanServ
21:14 -!- three18t- is now known as three18ti
21:17 -!- jrgifford [jrgifford@gateway/shell/trekweb.org/session] has joined #gitlabhq
21:48 -!- klaernie [~kandre@mainframe.ak-online.be] has quit [Ping timeout: 252 seconds]
21:50 -!- klaernie [~kandre@mainframe.ak-online.be] has joined #gitlabhq
21:51 -!- patcon [~patcon@207.245.236.155] has quit [Ping timeout: 264 seconds]
22:17 -!- patcon [~patcon@CPE78cd8e7b0270-CM78cd8e7b026d.cpe.net.cable.rogers.com] has joined #gitlabhq
22:31 -!- chronos [~quassel@unaffiliated/chronos] has quit [Read error: Connection reset by peer]
22:40 -!- patcon [~patcon@CPE78cd8e7b0270-CM78cd8e7b026d.cpe.net.cable.rogers.com] has quit [Remote host closed the connection]
22:40 -!- GameGamer43 [uid5533@gateway/web/irccloud.com/session] has joined #gitlabhq
23:04 -!- SirFunk [SirFunk@2600:3c03::f03c:91ff:fe93:11b3] has quit [Ping timeout: 245 seconds]
23:04 -!- Demonen [~demonen@webkonsept.com] has quit [Ping timeout: 245 seconds]
23:04 -!- Demonen [~demonen@webkonsept.com] has joined #gitlabhq
23:05 -!- SirFunk_ [SirFunk@2600:3c03::f03c:91ff:fe93:11b3] has joined #gitlabhq
23:20 -!- DEac-_ [~deac@1360029782.d-dsl.at] has joined #gitlabhq
23:24 -!- Netsplit *.net <-> *.split quits: GameGamer43, DEac-
23:27 -!- ChanServ [ChanServ@services.] has joined #gitlabhq
23:27 -!- ServerMode/#gitlabhq [+o ChanServ] by hitchcock.freenode.net
23:27 -!- ChanServ [ChanServ@services.] has quit [shutting down]
23:27 -!- jrgifford [jrgifford@gateway/shell/trekweb.org/session] has quit [Changing host]
23:27 -!- jrgifford [jrgifford@gateway/shell/trekweb.org/x-pngwcqeuezrbhrda] has joined #gitlabhq
--- Day changed Sun May 12 2013
00:07 -!- ChanServ [ChanServ@services.] has joined #gitlabhq
00:07 -!- ServerMode/#gitlabhq [+o ChanServ] by hitchcock.freenode.net
00:08 -!- jrgifford [jrgifford@gateway/shell/trekweb.org/x-pngwcqeuezrbhrda] has quit [Changing host]
00:08 -!- jrgifford [jrgifford@ubuntu/member/jrgifford] has joined #gitlabhq
00:10 -!- Netsplit *.net <-> *.split quits: DanKnox
00:10 -!- DanKnox_ [~DanKnox@dev.threedotloft.com] has joined #gitlabhq
00:10 -!- DanKnox_ is now known as DanKnox
00:18 -!- GameGamer43 [uid5533@gateway/web/irccloud.com/x-aygbbjootzfechuo] has joined #gitlabhq
00:45 -!- ferai [~quassel@kde/mitchell] has joined #gitlabhq
00:46 -!- jefferai [~quassel@kde/mitchell] has quit [Ping timeout: 256 seconds]
00:47 -!- jrgifford_ [jrgifford@gateway/shell/trekweb.org/session] has joined #gitlabhq
00:47 -!- jrgifford_ [jrgifford@gateway/shell/trekweb.org/session] has quit [Changing host]
00:47 -!- jrgifford_ [jrgifford@ubuntu/member/jrgifford] has joined #gitlabhq
00:48 -!- narya [narya@skrivmaskin.dreamhack.se] has joined #gitlabhq
00:48 -!- narya_ [narya@skrivmaskin.dreamhack.se] has quit [Ping timeout: 256 seconds]
00:49 -!- koud [~quassel@h-88-47.a163.priv.bahnhof.se] has quit [Ping timeout: 256 seconds]
00:51 -!- jrgifford [jrgifford@ubuntu/member/jrgifford] has quit [Ping timeout: 256 seconds]
00:52 -!- koud [~quassel@h-88-47.a163.priv.bahnhof.se] has joined #gitlabhq
00:57 -!- notwen [james@unaffiliated/sindacious] has quit [Ping timeout: 246 seconds]
00:58 -!- notwen [james@unaffiliated/sindacious] has joined #gitlabhq
00:58 -!- klaernie [~kandre@mainframe.ak-online.be] has quit [Read error: Operation timed out]
00:59 -!- jefferai [~quassel@kde/mitchell] has joined #gitlabhq
01:01 -!- klaernie [~kandre@mainframe.ak-online.be] has joined #gitlabhq
01:05 -!- Netsplit *.net <-> *.split quits: ferai, Demonen
01:08 -!- Demonen [~demonen@webkonsept.com] has joined #gitlabhq
01:27 -!- Netsplit *.net <-> *.split quits: Demonen
01:27 -!- Netsplit *.net <-> *.split quits: bwq
01:31 -!- Netsplit over, joins: bwq, Demonen
01:38 -!- Netsplit *.net <-> *.split quits: DEac-_, LePhilousophe, docwhat, universa1
01:38 -!- zmo [~guyzmo@vilya.m0g.net] has quit [Ping timeout: 256 seconds]
01:40 -!- zmo [~guyzmo@vilya.m0g.net] has joined #gitlabhq
01:44 -!- DEac- [~deac@1360029782.d-dsl.at] has joined #gitlabhq
01:44 -!- Zooklubban [~ZNC@ks363848.kimsufi.com] has joined #gitlabhq
01:45 -!- Netsplit *.net <-> *.split quits: Zooklubba
01:45 -!- Zooklubban is now known as Zooklubba
01:51 -!- LePhilousophe_ [~lephilous@193.54.225.84] has joined #gitlabhq
01:51 -!- docwhat [docwhat@2600:3c03::f03c:91ff:fedf:7065] has joined #gitlabhq
01:51 -!- universa1 [~universa1@2604:180::ca9b:b401] has joined #gitlabhq
01:51 -!- LePhilousophe_ is now known as Guest87436
02:01 -!- DanKnox is now known as DanKnox_away
02:10 -!- nOStahl [~nOStahl@108-198-116-80.lightspeed.mdsnwi.sbcglobal.net] has joined #gitlabhq
02:14 -!- Netsplit *.net <-> *.split quits: universa1, Guest87436, docwhat
02:20 -!- jrgifford_ is now known as jrgifford
02:25 -!- Netsplit over, joins: docwhat
02:40 -!- DanKnox_away is now known as DanKnox
03:01 -!- DanKnox is now known as DanKnox_away
03:02 -!- Guest87436 [~lephilous@193.54.225.84] has joined #gitlabhq
03:02 -!- universa1 [~universa1@2604:180::ca9b:b401] has joined #gitlabhq
03:03 -!- Zooklubban [~ZNC@ks363848.kimsufi.com] has joined #gitlabhq
03:03 -!- koud_ [~quassel@h-88-47.a163.priv.bahnhof.se] has joined #gitlabhq
03:03 -!- nOStahl [~nOStahl@108-198-116-80.lightspeed.mdsnwi.sbcglobal.net] has quit [Quit: Going To Sleep]
03:04 -!- docwhat [docwhat@2600:3c03::f03c:91ff:fedf:7065] has quit [Ping timeout: 245 seconds]
03:04 -!- Zooklubba [~ZNC@ks363848.kimsufi.com] has quit [Ping timeout: 245 seconds]
03:04 -!- jrgifford [jrgifford@ubuntu/member/jrgifford] has quit [Ping timeout: 245 seconds]
03:04 -!- koud [~quassel@h-88-47.a163.priv.bahnhof.se] has quit [Read error: Connection reset by peer]
03:04 -!- Zooklubban is now known as Zooklubba
03:05 -!- jrgifford [jrgifford@gateway/shell/trekweb.org/x-timmlrvgoualqrqx] has joined #gitlabhq
03:05 -!- jrgifford [jrgifford@gateway/shell/trekweb.org/x-timmlrvgoualqrqx] has quit [Changing host]
03:05 -!- jrgifford [jrgifford@ubuntu/member/jrgifford] has joined #gitlabhq
03:05 -!- docwhat [docwhat@2600:3c03::f03c:91ff:fedf:7065] has joined #gitlabhq
03:21 -!- DanKnox_away is now known as DanKnox
03:41 -!- nOStahl [~nOStahl@99-72-244-228.lightspeed.mdsnwi.sbcglobal.net] has joined #gitlabhq
03:50 -!- nOStahl [~nOStahl@99-72-244-228.lightspeed.mdsnwi.sbcglobal.net] has quit [Quit: Going To Sleep]
04:01 -!- cheese1756 [~cheese175@unaffiliated/cheese1756] has quit [Excess Flood]
04:02 -!- cheese1756 [~cheese175@unaffiliated/cheese1756] has joined #gitlabhq
04:23 -!- DanKnox is now known as DanKnox_away
04:40 -!- DanKnox_away is now known as DanKnox
04:56 -!- DanKnox is now known as DanKnox_away
05:09 -!- Netsplit *.net <-> *.split quits: @ChanServ
05:11 -!- dsup [188e0e99@gateway/web/freenode/ip.24.142.14.153] has joined #gitlabhq
05:15 < dsup> Hi
05:15 < dsup> Any idea what is causing this error? https://ezcrypt.it/6s6n#3NfHcXM01ayjUezgAyk0IvKE
05:15 < dsup> gitlab will not start, running 5.0
05:27 -!- themgt [~themgt@24-177-232-33.dhcp.gnvl.sc.charter.com] has quit [Quit: themgt]
05:40 -!- Netsplit over, joins: @ChanServ
09:41 -!- Techie-Micheal [~wibble@unaffiliated/techie-micheal] has joined #gitlabhq
09:55 -!- dsup [188e0e99@gateway/web/freenode/ip.24.142.14.153] has quit [Quit: Page closed]
10:17 -!- DanKnox_away is now known as DanKnox
10:43 -!- DanKnox is now known as DanKnox_away
10:49 -!- DanKnox_away is now known as DanKnox
11:06 -!- Techie-Micheal [~wibble@unaffiliated/techie-micheal] has quit [Quit: I'm too lazy to put something witty here.]
11:16 -!- DanKnox is now known as DanKnox_away
11:28 -!- DanKnox_away is now known as DanKnox
11:58 -!- DanKnox is now known as DanKnox_away
12:04 -!- DanKnox_away is now known as DanKnox
12:52 -!- DanKnox is now known as DanKnox_away
13:44 -!- _romain [~romain@trapped-in-a.media-lab.fr] has joined #gitlabhq
15:26 -!- nOStahl [~nOStahl@99-72-244-228.lightspeed.mdsnwi.sbcglobal.net] has joined #gitlabhq
16:45 -!- nOStahl [~nOStahl@99-72-244-228.lightspeed.mdsnwi.sbcglobal.net] has quit [Quit: Going To Sleep]
17:19 -!- Zooklubban [~ZNC@ks363848.kimsufi.com] has joined #gitlabhq
17:24 -!- bwq- [~bwq@2001:41d0:8:be9c::1] has joined #gitlabhq
17:24 -!- Netsplit *.net <-> *.split quits: bwq, Zooklubba
17:29 -!- riddle [riddle@us.yunix.net] has quit [Write error: Broken pipe]
17:30 -!- Zooklubban is now known as Zooklubba
17:31 -!- riddle [~decadance@76.72.170.57] has joined #gitlabhq
17:57 -!- DEac- [~deac@1360029782.d-dsl.at] has quit [Read error: Connection reset by peer]
17:57 -!- DEac- [~deac@1360029782.d-dsl.at] has joined #gitlabhq
18:06 -!- patcon [~patcon@207.245.236.152] has joined #gitlabhq
18:49 -!- patcon [~patcon@207.245.236.152] has quit [Remote host closed the connection]
19:03 -!- DanKnox_away is now known as DanKnox
19:40 -!- DanKnox is now known as DanKnox_away
19:45 -!- DanKnox_away is now known as DanKnox
20:01 -!- DanKnox is now known as DanKnox_away
20:34 -!- mfridh [~mfridh@c83-253-227-82.bredband.comhem.se] has quit [Ping timeout: 268 seconds]
20:56 -!- DanKnox_away is now known as DanKnox
21:43 -!- _romain [~romain@trapped-in-a.media-lab.fr] has quit [Quit: Leaving]
21:47 -!- klaernie [~kandre@mainframe.ak-online.be] has quit [Read error: Operation timed out]
21:51 -!- klaernie [~kandre@mainframe.ak-online.be] has joined #gitlabhq
21:54 -!- DanKnox is now known as DanKnox_away
22:17 -!- patcon [~patcon@207.245.236.152] has joined #gitlabhq
22:38 -!- themgt [~themgt@24-177-232-33.dhcp.gnvl.sc.charter.com] has joined #gitlabhq
22:47 -!- patcon [~patcon@207.245.236.152] has quit [Remote host closed the connection]
23:14 -!- cheese1756 [~cheese175@unaffiliated/cheese1756] has quit [Ping timeout: 256 seconds]
23:17 -!- cheese1756 [~cheese175@unaffiliated/cheese1756] has joined #gitlabhq
23:55 -!- patcon [~patcon@184-94-54-6.dedicated.allstream.net] has joined #gitlabhq
--- Day changed Mon May 13 2013
00:05 -!- patcon [~patcon@184-94-54-6.dedicated.allstream.net] has quit [Remote host closed the connection]
00:08 -!- patcon [~patcon@184-94-54-6.dedicated.allstream.net] has joined #gitlabhq
01:11 -!- mfridh [~mfridh@pdpc/supporter/professional/mfridh] has joined #gitlabhq
01:42 -!- patcon [~patcon@184-94-54-6.dedicated.allstream.net] has quit [Remote host closed the connection]
02:02 -!- rchavik [~rchavik@unaffiliated/rchavik] has joined #gitlabhq
03:07 -!- themgt [~themgt@24-177-232-33.dhcp.gnvl.sc.charter.com] has quit [Quit: themgt]
03:31 -!- nOStahl [~nOStahl@99-72-244-228.lightspeed.mdsnwi.sbcglobal.net] has joined #gitlabhq
03:38 -!- knix_ is now known as knix
03:48 -!- DanKnox_away is now known as DanKnox
03:49 -!- themgt [~themgt@96-37-28-221.dhcp.gnvl.sc.charter.com] has joined #gitlabhq
03:51 -!- rchavik [~rchavik@unaffiliated/rchavik] has quit [Quit: -]
03:52 -!- DanKnox is now known as DanKnox_away
04:00 -!- nOStahl [~nOStahl@99-72-244-228.lightspeed.mdsnwi.sbcglobal.net] has quit [Quit: Going To Sleep]
04:23 -!- rchavik [~rchavik@unaffiliated/rchavik] has joined #gitlabhq
04:47 -!- Netsplit *.net <-> *.split quits: rchavik, cheese1756
04:47 -!- cheese1756 [~cheese175@192.40.56.243] has joined #gitlabhq
04:51 -!- Netsplit *.net <-> *.split quits: cheese1756
04:52 -!- Netsplit over, joins: rchavik
04:52 -!- Netsplit over, joins: cheese1756
04:53 -!- cheese1756 [~cheese175@192.40.56.243] has quit [Max SendQ exceeded]
05:00 -!- cheese1756 [~cheese175@unaffiliated/cheese1756] has joined #gitlabhq
05:09 -!- themgt [~themgt@96-37-28-221.dhcp.gnvl.sc.charter.com] has quit [Quit: themgt]
05:19 -!- themgt [~themgt@24-177-232-33.dhcp.gnvl.sc.charter.com] has joined #gitlabhq
05:56 -!- cheese1756 [~cheese175@unaffiliated/cheese1756] has quit [Ping timeout: 255 seconds]
06:03 -!- cheese1756 [~cheese175@unaffiliated/cheese1756] has joined #gitlabhq
07:48 -!- themgt [~themgt@24-177-232-33.dhcp.gnvl.sc.charter.com] has quit [Quit: themgt]
10:12 -!- _romain [~romain@trapped-in-a.media-lab.fr] has joined #gitlabhq
10:27 -!- Netsplit *.net <-> *.split quits: knix, jekle, rchavik, three18ti, DanKnox_away, DEac-, klaernie, Demonen, joschi, dekz__,  (+21 more, use /NETSPLIT to show all of them)
10:32 -!- Netsplit over, joins: klaernie, notwen, DanKnox_away, Olipro, _romain, cheese1756, rchavik, mfridh, DEac-, riddle (+21 more)
10:36 -!- Netsplit *.net <-> *.split quits: knix, jekle, rchavik, three18ti, DanKnox_away, DEac-, klaernie, Demonen, dekz__, melder,  (+21 more, use /NETSPLIT to show all of them)
10:37 -!- Netsplit over, joins: klaernie, notwen, DanKnox_away, Olipro, _romain, cheese1756, rchavik, mfridh, DEac-, riddle (+21 more)
